<?xml version="1.0" encoding="UTF-8"?>
<testsuite xmlns:xsi="http://www.w3.org/2001/XMLSchema-instance" xsi:noNamespaceSchemaLocation="https://maven.apache.org/surefire/maven-surefire-plugin/xsd/surefire-test-report.xsd" name="cn.bytts.dao.UserDaoTest" time="0.112" tests="4" errors="0" skipped="0" failures="0">
  <properties>
[...]
</properties>
  <testcase name="updateUser" classname="cn.bytts.dao.UserDaoTest" time="0.009"/>
  <testcase name="selectUserByTag" classname="cn.bytts.dao.UserDaoTest" time="0.009"/>
  <testcase name="insertUser" classname="cn.bytts.dao.UserDaoTest" time="0.009"/>
  <testcase name="deleteUserByTag" classname="cn.bytts.dao.UserDaoTest" time="0.008"/>
</testsuite>